EjercicioNumeroSecreto/app/build/intermediates/manifest_merge_blame_file/debug/manifest-merger-blame-debug-report.txt
1<?xml version="1.0" encoding="utf-8"?>
2<manifest xmlns:android="http://schemas.android.com/apk/res/android"
3    package="com.example.ejercicionumerosecreto"
4    android:versionCode="1"
5    android:versionName="1.0" >
6
7    <uses-sdk
8        android:minSdkVersion="24"
8-->src\main\AndroidManifest.xml
9        android:targetSdkVersion="29" />
9-->src\main\AndroidManifest.xml
10
11    <uses-permission android:name="android.permission.INTERNET" />
11-->src\main\AndroidManifest.xml:5:5-83
11-->src\main\AndroidManifest.xml:5:22-64
12    <uses-permission android:name="android.permission.ACCESS_NETWORK_STATE" />
12-->[com.firebaseui:firebase-ui-auth:6.2.0] AndroidManifest.xml:12:5-79
12-->[com.firebaseui:firebase-ui-auth:6.2.0] AndroidManifest.xml:12:22-76
13    <uses-permission android:name="android.permission.WAKE_LOCK" /> <!-- Required by older versions of Google Play services to create IID tokens -->
13-->[com.google.android.gms:play-services-measurement-api:17.4.3] AndroidManifest.xml:24:5-68
13-->[com.google.android.gms:play-services-measurement-api:17.4.3] AndroidManifest.xml:24:22-65
14    <uses-permission android:name="com.google.android.c2dm.permission.RECEIVE" />
14-->[com.google.firebase:firebase-iid:20.1.5] AndroidManifest.xml:26:5-82
14-->[com.google.firebase:firebase-iid:20.1.5] AndroidManifest.xml:26:22-79
15    <uses-permission android:name="com.google.android.finsky.permission.BIND_GET_INSTALL_REFERRER_SERVICE" />
15-->[com.google.android.gms:play-services-measurement:17.4.3] AndroidManifest.xml:26:5-110
15-->[com.google.android.gms:play-services-measurement:17.4.3] AndroidManifest.xml:26:22-107
16
17    <application
17-->src\main\AndroidManifest.xml:7:5-34:19
18        android:allowBackup="true"
18-->src\main\AndroidManifest.xml:8:9-35
19        android:appComponentFactory="androidx.core.app.CoreComponentFactory"
19-->[androidx.core:core:1.3.0-rc01] AndroidManifest.xml:24:18-86
20        android:debuggable="true"
21        android:extractNativeLibs="false"
22        android:icon="@mipmap/ic_launcher"
22-->src\main\AndroidManifest.xml:9:9-43
23        android:label="@string/app_name"
23-->src\main\AndroidManifest.xml:10:9-41
24        android:roundIcon="@mipmap/ic_launcher_round"
24-->src\main\AndroidManifest.xml:11:9-54
25        android:supportsRtl="true"
25-->src\main\AndroidManifest.xml:12:9-35
26        android:theme="@style/AppTheme" >
26-->src\main\AndroidManifest.xml:13:9-40
27        <activity android:name="com.example.ejercicionumerosecreto.Registro" />
27-->src\main\AndroidManifest.xml:14:9-46
27-->src\main\AndroidManifest.xml:14:19-43
28        <activity android:name="com.example.ejercicionumerosecreto.MenuPrincipal" />
28-->src\main\AndroidManifest.xml:15:9-51
28-->src\main\AndroidManifest.xml:15:19-48
29        <activity android:name="com.example.ejercicionumerosecreto.AyudaNumeroSecreto" />
29-->src\main\AndroidManifest.xml:16:9-56
29-->src\main\AndroidManifest.xml:16:19-53
30        <activity android:name="com.example.ejercicionumerosecreto.AyudaContador" />
30-->src\main\AndroidManifest.xml:17:9-51
30-->src\main\AndroidManifest.xml:17:19-48
31        <activity android:name="com.example.ejercicionumerosecreto.Perfil" />
31-->src\main\AndroidManifest.xml:18:9-44
31-->src\main\AndroidManifest.xml:18:19-41
32        <activity android:name="com.example.ejercicionumerosecreto.NumeroSecreto" />
32-->src\main\AndroidManifest.xml:19:9-51
32-->src\main\AndroidManifest.xml:19:19-48
33        <activity android:name="com.example.ejercicionumerosecreto.Contador" />
33-->src\main\AndroidManifest.xml:20:9-46
33-->src\main\AndroidManifest.xml:20:19-43
34        <activity
34-->src\main\AndroidManifest.xml:21:9-29:20
35            android:name="com.example.ejercicionumerosecreto.MainActivity"
35-->src\main\AndroidManifest.xml:22:13-41
36            android:theme="@style/SplashTheme" >
36-->src\main\AndroidManifest.xml:23:13-47
37            <intent-filter>
37-->src\main\AndroidManifest.xml:24:13-28:29
38                <action android:name="android.intent.action.MAIN" />
38-->src\main\AndroidManifest.xml:25:17-69
38-->src\main\AndroidManifest.xml:25:25-66
39
40                <category android:name="android.intent.category.LAUNCHER" />
40-->src\main\AndroidManifest.xml:27:17-77
40-->src\main\AndroidManifest.xml:27:27-74
41            </intent-filter>
42        </activity>
43
44        <meta-data
44-->src\main\AndroidManifest.xml:31:9-33:57
45            android:name="preloaded_fonts"
45-->src\main\AndroidManifest.xml:32:13-43
46            android:resource="@array/preloaded_fonts" />
46-->src\main\AndroidManifest.xml:33:13-54
47        <meta-data
47-->[com.firebaseui:firebase-ui-auth:6.2.0] AndroidManifest.xml:16:9-18:69
48            android:name="com.google.android.gms.version"
48-->[com.firebaseui:firebase-ui-auth:6.2.0] AndroidManifest.xml:17:13-58
49            android:value="@integer/google_play_services_version" />
49-->[com.firebaseui:firebase-ui-auth:6.2.0] AndroidManifest.xml:18:13-66
50        <meta-data
50-->[com.firebaseui:firebase-ui-auth:6.2.0] AndroidManifest.xml:19:9-21:63
51            android:name="com.facebook.sdk.ApplicationId"
51-->[com.firebaseui:firebase-ui-auth:6.2.0] AndroidManifest.xml:20:13-58
52            android:value="@string/facebook_application_id" />
52-->[com.firebaseui:firebase-ui-auth:6.2.0] AndroidManifest.xml:21:13-60
53
54        <activity
54-->[com.firebaseui:firebase-ui-auth:6.2.0] AndroidManifest.xml:23:9-27:61
55            android:name="com.firebase.ui.auth.KickoffActivity"
55-->[com.firebaseui:firebase-ui-auth:6.2.0] AndroidManifest.xml:24:13-64
56            android:exported="false"
56-->[com.firebaseui:firebase-ui-auth:6.2.0] AndroidManifest.xml:25:13-37
57            android:label=""
57-->[com.firebaseui:firebase-ui-auth:6.2.0] AndroidManifest.xml:26:13-29
58            android:theme="@style/FirebaseUI.Transparent" />
58-->[com.firebaseui:firebase-ui-auth:6.2.0] AndroidManifest.xml:27:13-58
59        <activity
59-->[com.firebaseui:firebase-ui-auth:6.2.0] AndroidManifest.xml:28:9-32:61
60            android:name="com.firebase.ui.auth.ui.idp.SingleSignInActivity"
60-->[com.firebaseui:firebase-ui-auth:6.2.0] AndroidManifest.xml:29:13-76
61            android:exported="false"
61-->[com.firebaseui:firebase-ui-auth:6.2.0] AndroidManifest.xml:30:13-37
62            android:label=""
62-->[com.firebaseui:firebase-ui-auth:6.2.0] AndroidManifest.xml:31:13-29
63            android:theme="@style/FirebaseUI.Transparent" />
63-->[com.firebaseui:firebase-ui-auth:6.2.0] AndroidManifest.xml:32:13-58
64        <activity
64-->[com.firebaseui:firebase-ui-auth:6.2.0] AndroidManifest.xml:33:9-37:61
65            android:name="com.firebase.ui.auth.ui.credentials.CredentialSaveActivity"
65-->[com.firebaseui:firebase-ui-auth:6.2.0] AndroidManifest.xml:34:13-86
66            android:exported="false"
66-->[com.firebaseui:firebase-ui-auth:6.2.0] AndroidManifest.xml:35:13-37
67            android:label=""
67-->[com.firebaseui:firebase-ui-auth:6.2.0] AndroidManifest.xml:36:13-29
68            android:theme="@style/FirebaseUI.Transparent" />
68-->[com.firebaseui:firebase-ui-auth:6.2.0] AndroidManifest.xml:37:13-58
69        <activity
69-->[com.firebaseui:firebase-ui-auth:6.2.0] AndroidManifest.xml:38:9-42:58
70            android:name="com.firebase.ui.auth.ui.email.RecoverPasswordActivity"
70-->[com.firebaseui:firebase-ui-auth:6.2.0] AndroidManifest.xml:39:13-81
71            android:exported="false"
71-->[com.firebaseui:firebase-ui-auth:6.2.0] AndroidManifest.xml:40:13-37
72            android:label="@string/fui_title_recover_password_activity"
72-->[com.firebaseui:firebase-ui-auth:6.2.0] AndroidManifest.xml:41:13-72
73            android:windowSoftInputMode="adjustResize" />
73-->[com.firebaseui:firebase-ui-auth:6.2.0] AndroidManifest.xml:42:13-55
74        <activity
74-->[com.firebaseui:firebase-ui-auth:6.2.0] AndroidManifest.xml:43:9-47:58
75            android:name="com.firebase.ui.auth.ui.email.EmailActivity"
75-->[com.firebaseui:firebase-ui-auth:6.2.0] AndroidManifest.xml:44:13-71
76            android:exported="false"
76-->[com.firebaseui:firebase-ui-auth:6.2.0] AndroidManifest.xml:45:13-37
77            android:label="@string/fui_sign_in_default"
77-->[com.firebaseui:firebase-ui-auth:6.2.0] AndroidManifest.xml:46:13-56
78            android:windowSoftInputMode="adjustResize" />
78-->[com.firebaseui:firebase-ui-auth:6.2.0] AndroidManifest.xml:47:13-55
79        <activity
79-->[com.firebaseui:firebase-ui-auth:6.2.0] AndroidManifest.xml:48:9-52:77
80            android:name="com.firebase.ui.auth.ui.phone.PhoneActivity"
80-->[com.firebaseui:firebase-ui-auth:6.2.0] AndroidManifest.xml:49:13-71
81            android:exported="false"
81-->[com.firebaseui:firebase-ui-auth:6.2.0] AndroidManifest.xml:50:13-37
82            android:label="@string/fui_sign_in_with_phone_number"
82-->[com.firebaseui:firebase-ui-auth:6.2.0] AndroidManifest.xml:51:13-66
83            android:windowSoftInputMode="adjustResize|stateAlwaysVisible" />
83-->[com.firebaseui:firebase-ui-auth:6.2.0] AndroidManifest.xml:52:13-74
84        <activity
84-->[com.firebaseui:firebase-ui-auth:6.2.0] AndroidManifest.xml:53:9-57:58
85            android:name="com.firebase.ui.auth.ui.idp.WelcomeBackIdpPrompt"
85-->[com.firebaseui:firebase-ui-auth:6.2.0] AndroidManifest.xml:54:13-76
86            android:exported="false"
86-->[com.firebaseui:firebase-ui-auth:6.2.0] AndroidManifest.xml:55:13-37
87            android:label="@string/fui_title_welcome_back_idp_prompt"
87-->[com.firebaseui:firebase-ui-auth:6.2.0] AndroidManifest.xml:56:13-70
88            android:windowSoftInputMode="adjustResize" />
88-->[com.firebaseui:firebase-ui-auth:6.2.0] AndroidManifest.xml:57:13-55
89        <activity
89-->[com.firebaseui:firebase-ui-auth:6.2.0] AndroidManifest.xml:58:9-62:58
90            android:name="com.firebase.ui.auth.ui.email.WelcomeBackPasswordPrompt"
90-->[com.firebaseui:firebase-ui-auth:6.2.0] AndroidManifest.xml:59:13-83
91            android:exported="false"
91-->[com.firebaseui:firebase-ui-auth:6.2.0] AndroidManifest.xml:60:13-37
92            android:label="@string/fui_title_welcome_back_password_prompt"
92-->[com.firebaseui:firebase-ui-auth:6.2.0] AndroidManifest.xml:61:13-75
93            android:windowSoftInputMode="adjustResize" />
93-->[com.firebaseui:firebase-ui-auth:6.2.0] AndroidManifest.xml:62:13-55
94        <activity
94-->[com.firebaseui:firebase-ui-auth:6.2.0] AndroidManifest.xml:63:9-67:58
95            android:name="com.firebase.ui.auth.ui.email.WelcomeBackEmailLinkPrompt"
95-->[com.firebaseui:firebase-ui-auth:6.2.0] AndroidManifest.xml:64:13-84
96            android:exported="false"
96-->[com.firebaseui:firebase-ui-auth:6.2.0] AndroidManifest.xml:65:13-37
97            android:label="@string/fui_title_welcome_back_password_prompt"
97-->[com.firebaseui:firebase-ui-auth:6.2.0] AndroidManifest.xml:66:13-75
98            android:windowSoftInputMode="adjustResize" />
98-->[com.firebaseui:firebase-ui-auth:6.2.0] AndroidManifest.xml:67:13-55
99        <activity
99-->[com.firebaseui:firebase-ui-auth:6.2.0] AndroidManifest.xml:68:9-73:58
100            android:name="com.firebase.ui.auth.ui.email.EmailLinkCatcherActivity"
100-->[com.firebaseui:firebase-ui-auth:6.2.0] AndroidManifest.xml:69:13-82
101            android:exported="false"
101-->[com.firebaseui:firebase-ui-auth:6.2.0] AndroidManifest.xml:70:13-37
102            android:label=""
102-->[com.firebaseui:firebase-ui-auth:6.2.0] AndroidManifest.xml:71:13-29
103            android:theme="@style/FirebaseUI.Transparent"
103-->[com.firebaseui:firebase-ui-auth:6.2.0] AndroidManifest.xml:72:13-58
104            android:windowSoftInputMode="adjustResize" />
104-->[com.firebaseui:firebase-ui-auth:6.2.0] AndroidManifest.xml:73:13-55
105        <activity
105-->[com.firebaseui:firebase-ui-auth:6.2.0] AndroidManifest.xml:74:9-78:58
106            android:name="com.firebase.ui.auth.ui.email.EmailLinkErrorRecoveryActivity"
106-->[com.firebaseui:firebase-ui-auth:6.2.0] AndroidManifest.xml:75:13-88
107            android:exported="false"
107-->[com.firebaseui:firebase-ui-auth:6.2.0] AndroidManifest.xml:76:13-37
108            android:label="@string/fui_sign_in_default"
108-->[com.firebaseui:firebase-ui-auth:6.2.0] AndroidManifest.xml:77:13-56
109            android:windowSoftInputMode="adjustResize" />
109-->[com.firebaseui:firebase-ui-auth:6.2.0] AndroidManifest.xml:78:13-55
110        <activity
110-->[com.firebaseui:firebase-ui-auth:6.2.0] AndroidManifest.xml:79:9-82:65
111            android:name="com.firebase.ui.auth.ui.idp.AuthMethodPickerActivity"
111-->[com.firebaseui:firebase-ui-auth:6.2.0] AndroidManifest.xml:80:13-80
112            android:exported="false"
112-->[com.firebaseui:firebase-ui-auth:6.2.0] AndroidManifest.xml:81:13-37
113            android:label="@string/fui_default_toolbar_title" />
113-->[com.firebaseui:firebase-ui-auth:6.2.0] AndroidManifest.xml:82:13-62
114        <activity
114-->[com.firebaseui:firebase-ui-auth:6.2.0] AndroidManifest.xml:83:9-87:48
115            android:name="com.facebook.FacebookActivity"
115-->[com.firebaseui:firebase-ui-auth:6.2.0] AndroidManifest.xml:84:13-57
116            android:configChanges="keyboard|keyboardHidden|screenLayout|screenSize|orientation"
116-->[com.firebaseui:firebase-ui-auth:6.2.0] AndroidManifest.xml:85:13-96
117            android:label="@string/app_name" />
117-->[com.firebaseui:firebase-ui-auth:6.2.0] AndroidManifest.xml:86:13-45
118        <activity
118-->[com.firebaseui:firebase-ui-auth:6.2.0] AndroidManifest.xml:88:9-100:20
119            android:name="com.facebook.CustomTabActivity"
119-->[com.firebaseui:firebase-ui-auth:6.2.0] AndroidManifest.xml:89:13-58
120            android:exported="true" >
120-->[com.firebaseui:firebase-ui-auth:6.2.0] AndroidManifest.xml:90:13-36
121            <intent-filter>
121-->[com.firebaseui:firebase-ui-auth:6.2.0] AndroidManifest.xml:92:13-99:29
122                <action android:name="android.intent.action.VIEW" />
122-->[com.firebaseui:firebase-ui-auth:6.2.0] AndroidManifest.xml:93:17-69
122-->[com.firebaseui:firebase-ui-auth:6.2.0] AndroidManifest.xml:93:25-66
123
124                <category android:name="android.intent.category.DEFAULT" />
124-->[com.firebaseui:firebase-ui-auth:6.2.0] AndroidManifest.xml:95:17-76
124-->[com.firebaseui:firebase-ui-auth:6.2.0] AndroidManifest.xml:95:27-73
125                <category android:name="android.intent.category.BROWSABLE" />
125-->[com.firebaseui:firebase-ui-auth:6.2.0] AndroidManifest.xml:96:17-78
125-->[com.firebaseui:firebase-ui-auth:6.2.0] AndroidManifest.xml:96:27-75
126
127                <data android:scheme="@string/facebook_login_protocol_scheme" />
127-->[com.firebaseui:firebase-ui-auth:6.2.0] AndroidManifest.xml:98:17-81
127-->[com.firebaseui:firebase-ui-auth:6.2.0] AndroidManifest.xml:98:23-78
128            </intent-filter>
129        </activity>
130
131        <provider
131-->[com.firebaseui:firebase-ui-auth:6.2.0] AndroidManifest.xml:102:9-106:38
132            android:name="com.firebase.ui.auth.data.client.AuthUiInitProvider"
132-->[com.firebaseui:firebase-ui-auth:6.2.0] AndroidManifest.xml:103:13-79
133            android:authorities="com.example.ejercicionumerosecreto.authuiinitprovider"
133-->[com.firebaseui:firebase-ui-auth:6.2.0] AndroidManifest.xml:104:13-70
134            android:exported="false"
134-->[com.firebaseui:firebase-ui-auth:6.2.0] AndroidManifest.xml:105:13-37
135            android:initOrder="90" />
135-->[com.firebaseui:firebase-ui-auth:6.2.0] AndroidManifest.xml:106:13-35
136
137        <service
137-->[com.google.firebase:firebase-database:19.3.0] AndroidManifest.xml:29:9-35:19
138            android:name="com.google.firebase.components.ComponentDiscoveryService"
138-->[com.google.firebase:firebase-database:19.3.0] AndroidManifest.xml:30:13-84
139            android:directBootAware="true"
139-->[com.google.firebase:firebase-common:19.3.0] AndroidManifest.xml:34:13-43
140            android:exported="false" >
140-->[com.google.firebase:firebase-database:19.3.0] AndroidManifest.xml:31:13-37
141            <meta-data
141-->[com.google.firebase:firebase-database:19.3.0] AndroidManifest.xml:32:13-34:85
142                android:name="com.google.firebase.components:com.google.firebase.database.DatabaseRegistrar"
142-->[com.google.firebase:firebase-database:19.3.0] AndroidManifest.xml:33:17-109
143                android:value="com.google.firebase.components.ComponentRegistrar" />
143-->[com.google.firebase:firebase-database:19.3.0] AndroidManifest.xml:34:17-82
144            <meta-data
144-->[com.google.firebase:firebase-auth:19.3.1] AndroidManifest.xml:36:13-38:85
145                android:name="com.google.firebase.components:com.google.firebase.auth.FirebaseAuthRegistrar"
145-->[com.google.firebase:firebase-auth:19.3.1] AndroidManifest.xml:37:17-109
146                android:value="com.google.firebase.components.ComponentRegistrar" />
146-->[com.google.firebase:firebase-auth:19.3.1] AndroidManifest.xml:38:17-82
147            <meta-data
147-->[com.google.android.gms:play-services-measurement-api:17.4.3] AndroidManifest.xml:30:13-32:85
148                android:name="com.google.firebase.components:com.google.firebase.analytics.connector.internal.AnalyticsConnectorRegistrar"
148-->[com.google.android.gms:play-services-measurement-api:17.4.3] AndroidManifest.xml:31:17-139
149                android:value="com.google.firebase.components.ComponentRegistrar" />
149-->[com.google.android.gms:play-services-measurement-api:17.4.3] AndroidManifest.xml:32:17-82
150            <meta-data
150-->[com.google.firebase:firebase-iid:20.1.5] AndroidManifest.xml:32:13-34:85
151                android:name="com.google.firebase.components:com.google.firebase.iid.Registrar"
151-->[com.google.firebase:firebase-iid:20.1.5] AndroidManifest.xml:33:17-96
152                android:value="com.google.firebase.components.ComponentRegistrar" />
152-->[com.google.firebase:firebase-iid:20.1.5] AndroidManifest.xml:34:17-82
153            <meta-data
153-->[com.google.firebase:firebase-installations:16.2.1] AndroidManifest.xml:17:13-19:85
154                android:name="com.google.firebase.components:com.google.firebase.installations.FirebaseInstallationsRegistrar"
154-->[com.google.firebase:firebase-installations:16.2.1] AndroidManifest.xml:18:17-127
155                android:value="com.google.firebase.components.ComponentRegistrar" />
155-->[com.google.firebase:firebase-installations:16.2.1] AndroidManifest.xml:19:17-82
156        </service>
157
158        <provider
158-->[androidx.lifecycle:lifecycle-process:2.2.0] AndroidManifest.xml:25:9-29:43
159            android:name="androidx.lifecycle.ProcessLifecycleOwnerInitializer"
159-->[androidx.lifecycle:lifecycle-process:2.2.0] AndroidManifest.xml:26:13-79
160            android:authorities="com.example.ejercicionumerosecreto.lifecycle-process"
160-->[androidx.lifecycle:lifecycle-process:2.2.0] AndroidManifest.xml:27:13-69
161            android:exported="false"
161-->[androidx.lifecycle:lifecycle-process:2.2.0] AndroidManifest.xml:28:13-37
162            android:multiprocess="true" />
162-->[androidx.lifecycle:lifecycle-process:2.2.0] AndroidManifest.xml:29:13-40
163
164        <activity
164-->[com.google.firebase:firebase-auth:19.3.1] AndroidManifest.xml:24:9-31:50
165            android:name="com.google.firebase.auth.internal.FederatedSignInActivity"
165-->[com.google.firebase:firebase-auth:19.3.1] AndroidManifest.xml:25:13-85
166            android:excludeFromRecents="true"
166-->[com.google.firebase:firebase-auth:19.3.1] AndroidManifest.xml:26:13-46
167            android:exported="true"
167-->[com.google.firebase:firebase-auth:19.3.1] AndroidManifest.xml:27:13-36
168            android:launchMode="singleTask"
168-->[com.google.firebase:firebase-auth:19.3.1] AndroidManifest.xml:28:13-44
169            android:permission="com.google.firebase.auth.api.gms.permission.LAUNCH_FEDERATED_SIGN_IN"
169-->[com.google.firebase:firebase-auth:19.3.1] AndroidManifest.xml:29:13-102
170            android:theme="@android:style/Theme.Translucent.NoTitleBar" />
170-->[com.google.firebase:firebase-auth:19.3.1] AndroidManifest.xml:30:13-72
171
172        <receiver
172-->[com.google.firebase:firebase-iid:20.1.5] AndroidManifest.xml:37:9-44:20
173            android:name="com.google.firebase.iid.FirebaseInstanceIdReceiver"
173-->[com.google.firebase:firebase-iid:20.1.5] AndroidManifest.xml:38:13-78
174            android:exported="true"
174-->[com.google.firebase:firebase-iid:20.1.5] AndroidManifest.xml:39:13-36
175            android:permission="com.google.android.c2dm.permission.SEND" >
175-->[com.google.firebase:firebase-iid:20.1.5] AndroidManifest.xml:40:13-73
176            <intent-filter>
176-->[com.google.firebase:firebase-iid:20.1.5] AndroidManifest.xml:41:13-43:29
177                <action android:name="com.google.android.c2dm.intent.RECEIVE" />
177-->[com.google.firebase:firebase-iid:20.1.5] AndroidManifest.xml:42:17-81
177-->[com.google.firebase:firebase-iid:20.1.5] AndroidManifest.xml:42:25-78
178            </intent-filter>
179        </receiver>
180
181        <provider
181-->[com.google.firebase:firebase-common:19.3.0] AndroidManifest.xml:26:9-30:39
182            android:name="com.google.firebase.provider.FirebaseInitProvider"
182-->[com.google.firebase:firebase-common:19.3.0] AndroidManifest.xml:27:13-77
183            android:authorities="com.example.ejercicionumerosecreto.firebaseinitprovider"
183-->[com.google.firebase:firebase-common:19.3.0] AndroidManifest.xml:28:13-72
184            android:exported="false"
184-->[com.google.firebase:firebase-common:19.3.0] AndroidManifest.xml:29:13-37
185            android:initOrder="100" />
185-->[com.google.firebase:firebase-common:19.3.0] AndroidManifest.xml:30:13-36
186
187        <activity
187-->[com.google.android.gms:play-services-auth:17.0.0] AndroidManifest.xml:23:9-27:75
188            android:name="com.google.android.gms.auth.api.signin.internal.SignInHubActivity"
188-->[com.google.android.gms:play-services-auth:17.0.0] AndroidManifest.xml:24:13-93
189            android:excludeFromRecents="true"
189-->[com.google.android.gms:play-services-auth:17.0.0] AndroidManifest.xml:25:13-46
190            android:exported="false"
190-->[com.google.android.gms:play-services-auth:17.0.0] AndroidManifest.xml:26:13-37
191            android:theme="@android:style/Theme.Translucent.NoTitleBar" />
191-->[com.google.android.gms:play-services-auth:17.0.0] AndroidManifest.xml:27:13-72
192        <!--
193            Service handling Google Sign-In user revocation. For apps that do not integrate with
194            Google Sign-In, this service will never be started.
195        -->
196        <service
196-->[com.google.android.gms:play-services-auth:17.0.0] AndroidManifest.xml:33:9-36:110
197            android:name="com.google.android.gms.auth.api.signin.RevocationBoundService"
197-->[com.google.android.gms:play-services-auth:17.0.0] AndroidManifest.xml:34:13-89
198            android:exported="true"
198-->[com.google.android.gms:play-services-auth:17.0.0] AndroidManifest.xml:35:13-36
199            android:permission="com.google.android.gms.auth.api.signin.permission.REVOCATION_NOTIFICATION" />
199-->[com.google.android.gms:play-services-auth:17.0.0] AndroidManifest.xml:36:13-107
200
201        <activity
201-->[com.google.android.gms:play-services-base:17.1.0] AndroidManifest.xml:23:9-26:75
202            android:name="com.google.android.gms.common.api.GoogleApiActivity"
202-->[com.google.android.gms:play-services-base:17.1.0] AndroidManifest.xml:24:13-79
203            android:exported="false"
203-->[com.google.android.gms:play-services-base:17.1.0] AndroidManifest.xml:25:13-37
204            android:theme="@android:style/Theme.Translucent.NoTitleBar" />
204-->[com.google.android.gms:play-services-base:17.1.0] AndroidManifest.xml:26:13-72
205
206        <receiver
206-->[com.google.android.gms:play-services-measurement:17.4.3] AndroidManifest.xml:29:9-33:20
207            android:name="com.google.android.gms.measurement.AppMeasurementReceiver"
207-->[com.google.android.gms:play-services-measurement:17.4.3] AndroidManifest.xml:30:13-85
208            android:enabled="true"
208-->[com.google.android.gms:play-services-measurement:17.4.3] AndroidManifest.xml:31:13-35
209            android:exported="false" >
209-->[com.google.android.gms:play-services-measurement:17.4.3] AndroidManifest.xml:32:13-37
210        </receiver>
211
212        <service
212-->[com.google.android.gms:play-services-measurement:17.4.3] AndroidManifest.xml:35:9-38:40
213            android:name="com.google.android.gms.measurement.AppMeasurementService"
213-->[com.google.android.gms:play-services-measurement:17.4.3] AndroidManifest.xml:36:13-84
214            android:enabled="true"
214-->[com.google.android.gms:play-services-measurement:17.4.3] AndroidManifest.xml:37:13-35
215            android:exported="false" />
215-->[com.google.android.gms:play-services-measurement:17.4.3] AndroidManifest.xml:38:13-37
216        <service
216-->[com.google.android.gms:play-services-measurement:17.4.3] AndroidManifest.xml:39:9-43:72
217            android:name="com.google.android.gms.measurement.AppMeasurementJobService"
217-->[com.google.android.gms:play-services-measurement:17.4.3] AndroidManifest.xml:40:13-87
218            android:enabled="true"
218-->[com.google.android.gms:play-services-measurement:17.4.3] AndroidManifest.xml:41:13-35
219            android:exported="false"
219-->[com.google.android.gms:play-services-measurement:17.4.3] AndroidManifest.xml:42:13-37
220            android:permission="android.permission.BIND_JOB_SERVICE" />
220-->[com.google.android.gms:play-services-measurement:17.4.3] AndroidManifest.xml:43:13-69
221    </application>
222
223</manifest>